\BOOKMARK [0][-]{chapter.1}{Introduzione}{}% 1
\BOOKMARK [1][-]{section.1.1}{Principi base}{chapter.1}% 2
\BOOKMARK [1][-]{section.1.2}{Istruzioni}{chapter.1}% 3
\BOOKMARK [2][-]{subsection.1.2.1}{Addizione e sottrazione algebrica}{section.1.2}% 4
\BOOKMARK [2][-]{subsection.1.2.2}{Istruzioni multiple}{section.1.2}% 5
\BOOKMARK [2][-]{subsection.1.2.3}{Istruzioni con registri}{section.1.2}% 6
\BOOKMARK [2][-]{subsection.1.2.4}{Istruzioni con costanti}{section.1.2}% 7
\BOOKMARK [1][-]{section.1.3}{Operandi}{chapter.1}% 8
\BOOKMARK [2][-]{subsection.1.3.1}{Registri}{section.1.3}% 9
\BOOKMARK [2][-]{subsection.1.3.2}{Memorie}{section.1.3}% 10
\BOOKMARK [2][-]{subsection.1.3.3}{Costanti}{section.1.3}% 11
\BOOKMARK [0][-]{chapter.2}{Formato delle istruzioni}{}% 12
\BOOKMARK [1][-]{section.2.1}{Tipo R}{chapter.2}% 13
\BOOKMARK [1][-]{section.2.2}{Tipo I}{chapter.2}% 14
\BOOKMARK [1][-]{section.2.3}{Tipo J}{chapter.2}% 15
\BOOKMARK [0][-]{chapter.3}{Caricamento dei programmi}{}% 16
\BOOKMARK [0][-]{chapter.4}{Costrutti standard}{}% 17
\BOOKMARK [1][-]{section.4.1}{Operazioni di tipo logico}{chapter.4}% 18
\BOOKMARK [2][-]{subsection.4.1.1}{Istruzioni logiche}{section.4.1}% 19
\BOOKMARK [2][-]{subsection.4.1.2}{Istruzioni di shift}{section.4.1}% 20
\BOOKMARK [3][-]{table.caption.37}{Shift logico}{subsection.4.1.2}% 21
\BOOKMARK [3][-]{table.caption.38}{Shift aritmetico}{subsection.4.1.2}% 22
\BOOKMARK [3][-]{table.caption.39}{Shift variabile}{subsection.4.1.2}% 23
\BOOKMARK [1][-]{section.4.2}{Codifica delle costanti}{chapter.4}% 24
\BOOKMARK [1][-]{section.4.3}{Moltiplicazione e divisione}{chapter.4}% 25
\BOOKMARK [0][-]{chapter.5}{Pseudoistruzioni}{}% 26
\BOOKMARK [1][-]{section.5.1}{Load immediate}{chapter.5}% 27
\BOOKMARK [1][-]{section.5.2}{Load address}{chapter.5}% 28
\BOOKMARK [1][-]{section.5.3}{Altre pseudoistruzioni}{chapter.5}% 29
\BOOKMARK [0][-]{chapter.6}{Controllo del flusso}{}% 30
\BOOKMARK [1][-]{section.6.1}{Costrutti di alto livello}{chapter.6}% 31
\BOOKMARK [2][-]{subsection.6.1.1}{if statement \(TODO\)}{section.6.1}% 32
\BOOKMARK [2][-]{subsection.6.1.2}{Ciclo while}{section.6.1}% 33
\BOOKMARK [2][-]{subsection.6.1.3}{Ciclo for}{section.6.1}% 34
\BOOKMARK [2][-]{subsection.6.1.4}{Magnitude comparison \(TODO\)}{section.6.1}% 35
